2025-06-28 15:30:12,583 - core.hardware_detector - INFO - 🔍 Détection des capacités du serveur...
2025-06-28 15:30:15,644 - core.hardware_detector - INFO - ✅ Capacités détectées: 11 logiciels, 0 matériels
2025-06-28 15:30:15,644 - core.local_server - INFO - 🔧 Serveur local initialisé avec 11 encodeurs
2025-06-28 15:30:15,654 - root - ERROR - Failed to set up drag and drop: '_tkinter.tkapp' object has no attribute 'drop_target_register'
2025-06-28 15:30:15,655 - core.server_discovery - INFO - Démarrage de la découverte des serveurs...
2025-06-28 15:30:15,655 - core.job_scheduler - INFO - Démarrage du planificateur de jobs...
2025-06-28 15:32:03,232 - core.hardware_detector - INFO - 🔍 Détection des capacités du serveur...
2025-06-28 15:32:06,189 - core.hardware_detector - INFO - ✅ Capacités détectées: 11 logiciels, 0 matériels
2025-06-28 15:32:06,189 - core.local_server - INFO - 🔧 Serveur local initialisé avec 11 encodeurs
2025-06-28 15:32:06,199 - root - ERROR - Failed to set up drag and drop: '_tkinter.tkapp' object has no attribute 'drop_target_register'
2025-06-28 15:32:06,200 - core.server_discovery - INFO - Démarrage de la découverte des serveurs...
2025-06-28 15:32:06,200 - core.job_scheduler - INFO - Démarrage du planificateur de jobs...
2025-06-28 15:32:49,980 - core.distributed_client - INFO - Tentative de connexion au serveur: ws://192.168.1.80:8765
2025-06-28 15:32:50,466 - core.distributed_client - INFO - Connecté au serveur: ws://192.168.1.80:8765. Envoi du message HELLO.
2025-06-28 15:32:50,598 - core.distributed_client - INFO - Informations serveur reçues de ws://192.168.1.80:8765: ffmpeg1
2025-06-28 15:36:01,643 - core.hardware_detector - INFO - 🔍 Détection des capacités du serveur...
2025-06-28 15:36:04,649 - core.hardware_detector - INFO - ✅ Capacités détectées: 11 logiciels, 0 matériels
2025-06-28 15:36:04,649 - core.local_server - INFO - 🔧 Serveur local initialisé avec 11 encodeurs
2025-06-28 15:36:04,658 - root - ERROR - Failed to set up drag and drop: '_tkinter.tkapp' object has no attribute 'drop_target_register'
2025-06-28 15:36:04,658 - core.server_discovery - INFO - Démarrage de la découverte des serveurs...
2025-06-28 15:36:04,658 - core.distributed_client - INFO - Tentative de connexion au serveur: ws://192.168.1.80:8765
2025-06-28 15:36:04,662 - core.job_scheduler - INFO - Démarrage du planificateur de jobs...
2025-06-28 15:36:05,449 - core.distributed_client - INFO - Connecté au serveur: ws://192.168.1.80:8765. Envoi du message HELLO.
2025-06-28 15:36:05,578 - core.distributed_client - INFO - Informations serveur reçues de ws://192.168.1.80:8765: ffmpeg1
2025-06-28 15:44:13,059 - core.hardware_detector - INFO - 🔍 Détection des capacités du serveur...
2025-06-28 15:44:16,170 - core.hardware_detector - INFO - ✅ Capacités détectées: 11 logiciels, 0 matériels
2025-06-28 15:44:16,170 - core.local_server - INFO - 🔧 Serveur local initialisé avec 11 encodeurs
2025-06-28 15:44:16,180 - root - ERROR - Failed to set up drag and drop: '_tkinter.tkapp' object has no attribute 'drop_target_register'
2025-06-28 15:44:16,181 - core.server_discovery - INFO - Démarrage de la découverte des serveurs...
2025-06-28 15:44:16,181 - core.distributed_client - INFO - Tentative de connexion au serveur: ws://192.168.1.80:8765
2025-06-28 15:44:16,184 - core.job_scheduler - INFO - Démarrage du planificateur de jobs...
2025-06-28 15:44:16,965 - core.distributed_client - INFO - Connecté au serveur: ws://192.168.1.80:8765. Envoi du message HELLO.
2025-06-28 15:44:17,094 - core.distributed_client - INFO - Informations serveur reçues de ws://192.168.1.80:8765: ffmpeg1
2025-06-28 15:45:23,327 - core.distributed_client - INFO - Job 70e1c153-cd2b-435b-89d0-3f137a10dcc5 soumis au serveur 2ea4b33e-9366-4cce-a99e-9d2af2b51d3a
2025-06-28 15:45:23,328 - core.distributed_client - INFO - Job 655d9d21-eba2-45a0-aab3-c0b7e1b9b69a soumis au serveur 2ea4b33e-9366-4cce-a99e-9d2af2b51d3a
2025-06-28 15:45:23,329 - core.distributed_client - INFO - Job 1573dc92-75fa-4dce-9d98-885f9d474850 soumis au serveur 2ea4b33e-9366-4cce-a99e-9d2af2b51d3a
2025-06-28 15:45:23,329 - core.distributed_client - INFO - Job fd659e33-4c3b-48ed-97a7-af2528409a72 soumis au serveur 2ea4b33e-9366-4cce-a99e-9d2af2b51d3a
2025-06-28 15:45:23,329 - core.distributed_client - INFO - Job def4e116-f086-4daf-9505-8f3dd7c10d18 soumis au serveur 2ea4b33e-9366-4cce-a99e-9d2af2b51d3a
2025-06-28 15:45:23,329 - core.distributed_client - INFO - Job 7c032911-97ae-4a51-8ae1-8d865fb7caf9 soumis au serveur 2ea4b33e-9366-4cce-a99e-9d2af2b51d3a
2025-06-28 15:45:23,329 - core.distributed_client - INFO - Job 298a7ab4-dbfa-4910-8be9-4dc78918312d soumis au serveur 2ea4b33e-9366-4cce-a99e-9d2af2b51d3a
2025-06-28 15:45:23,329 - core.distributed_client - INFO - Job a216b3b2-c17e-40dc-a0f7-834b9778eb19 soumis au serveur 2ea4b33e-9366-4cce-a99e-9d2af2b51d3a
2025-06-28 15:45:23,329 - core.distributed_client - INFO - Job 7a37b300-701f-4c80-b07d-7a800e8ed087 soumis au serveur 2ea4b33e-9366-4cce-a99e-9d2af2b51d3a
2025-06-28 15:45:23,329 - core.distributed_client - INFO - Job c0b88fe8-bd66-4af3-a820-a8e274d1cdfa soumis au serveur 2ea4b33e-9366-4cce-a99e-9d2af2b51d3a
2025-06-28 15:45:23,329 - core.distributed_client - INFO - Job b4539122-152c-45a7-8de5-9e010225b5ac soumis au serveur 2ea4b33e-9366-4cce-a99e-9d2af2b51d3a
2025-06-28 15:45:23,329 - core.distributed_client - INFO - Job 21bbb3a5-1c8c-42ff-912d-92199b855f2a soumis au serveur 2ea4b33e-9366-4cce-a99e-9d2af2b51d3a
2025-06-28 15:45:23,329 - core.distributed_client - INFO - Job 33526c0c-49f2-483c-93fb-6834801fff0f soumis au serveur 2ea4b33e-9366-4cce-a99e-9d2af2b51d3a
2025-06-28 15:45:23,330 - core.distributed_client - INFO - Job d1b61a46-8cec-4ff5-bfab-690d455197e8 soumis au serveur 2ea4b33e-9366-4cce-a99e-9d2af2b51d3a
2025-06-28 15:45:23,330 - core.distributed_client - INFO - Job 2e9abeea-4e4d-4b59-bba0-0483e2c949bf soumis au serveur 2ea4b33e-9366-4cce-a99e-9d2af2b51d3a
2025-06-28 15:45:23,331 - core.distributed_client - INFO - Job 1f0a91fe-60a7-4e22-aa25-225404aafb58 soumis au serveur 2ea4b33e-9366-4cce-a99e-9d2af2b51d3a
2025-06-28 15:45:23,331 - core.distributed_client - INFO - Job 933ca798-12b9-48f2-b5cc-ebc1f8caf154 soumis au serveur 2ea4b33e-9366-4cce-a99e-9d2af2b51d3a
2025-06-28 15:45:23,331 - core.distributed_client - INFO - Job a7e9b7af-e214-4709-9e68-42e76b9e29d6 soumis au serveur 2ea4b33e-9366-4cce-a99e-9d2af2b51d3a
2025-06-28 15:45:23,332 - core.distributed_client - INFO - Job 8d5dc3dd-bc17-4ad8-bbd7-914988348eef soumis au serveur 2ea4b33e-9366-4cce-a99e-9d2af2b51d3a
2025-06-28 15:45:23,332 - core.distributed_client - INFO - Job 454ff6b9-0259-4345-aca1-0d9a17186a21 soumis au serveur 2ea4b33e-9366-4cce-a99e-9d2af2b51d3a
2025-06-28 15:45:23,332 - core.distributed_client - INFO - Job db65b3b1-79d7-493a-a86f-9142fd98c2e3 soumis au serveur 2ea4b33e-9366-4cce-a99e-9d2af2b51d3a
2025-06-28 15:45:23,333 - core.distributed_client - INFO - Job 30276a79-7653-4688-898c-a9b7333a822d soumis au serveur 2ea4b33e-9366-4cce-a99e-9d2af2b51d3a
2025-06-28 15:45:23,333 - core.distributed_client - INFO - Job 0d3ec9e5-59c0-424f-91a8-4acf0f2ccf52 soumis au serveur 2ea4b33e-9366-4cce-a99e-9d2af2b51d3a
2025-06-28 15:45:23,334 - core.distributed_client - INFO - Job 3141a8d7-d0cf-40ac-b24e-dc6c4b43a66b soumis au serveur 2ea4b33e-9366-4cce-a99e-9d2af2b51d3a
2025-06-28 15:45:23,334 - core.distributed_client - INFO - Job 93ca7b81-4db2-4898-8801-ae4ad2ce9a36 soumis au serveur 2ea4b33e-9366-4cce-a99e-9d2af2b51d3a
2025-06-28 15:45:23,335 - core.distributed_client - INFO - Job b132c747-f072-4ea8-ba7a-5e711f8a9095 soumis au serveur 2ea4b33e-9366-4cce-a99e-9d2af2b51d3a
2025-06-28 15:45:23,335 - core.distributed_client - INFO - Job 5af0ed35-f459-447d-bd42-2bc8d6befaf8 soumis au serveur 2ea4b33e-9366-4cce-a99e-9d2af2b51d3a
2025-06-28 15:45:23,335 - core.distributed_client - INFO - Job 958a4d5e-8600-4b8e-b40a-ba3d856f576d soumis au serveur 2ea4b33e-9366-4cce-a99e-9d2af2b51d3a
2025-06-28 15:45:23,336 - core.distributed_client - INFO - Job c70e106b-e93d-4ba2-8a8e-9cfe88206636 soumis au serveur 2ea4b33e-9366-4cce-a99e-9d2af2b51d3a
2025-06-28 15:45:23,336 - core.distributed_client - INFO - Job 6b5361d0-3b79-44bd-b04b-ed24cdb3543c soumis au serveur 2ea4b33e-9366-4cce-a99e-9d2af2b51d3a
2025-06-28 15:45:23,336 - core.distributed_client - INFO - Job 2eed93b2-e80b-4061-b565-c8d4b5092600 soumis au serveur 2ea4b33e-9366-4cce-a99e-9d2af2b51d3a
2025-06-28 15:45:23,336 - core.distributed_client - INFO - Job 12843fb7-3394-4640-b6c5-6e1d01278fa9 soumis au serveur 2ea4b33e-9366-4cce-a99e-9d2af2b51d3a
2025-06-28 15:45:23,336 - core.distributed_client - INFO - Job 4f41cba1-98bb-4336-bb86-ece78c35de1f soumis au serveur 2ea4b33e-9366-4cce-a99e-9d2af2b51d3a
2025-06-28 15:45:23,336 - core.distributed_client - INFO - Job 4883df08-a5c7-4d02-a7aa-f493765f181b soumis au serveur 2ea4b33e-9366-4cce-a99e-9d2af2b51d3a
2025-06-28 15:45:23,336 - core.distributed_client - INFO - Job 92474db2-4363-46f9-bbdf-6654fb08b5a4 soumis au serveur 2ea4b33e-9366-4cce-a99e-9d2af2b51d3a
2025-06-28 15:45:23,336 - core.distributed_client - INFO - Job 1c51f539-fbe6-4e45-89e0-0bf508884ec5 soumis au serveur 2ea4b33e-9366-4cce-a99e-9d2af2b51d3a
2025-06-28 15:45:23,336 - core.distributed_client - INFO - Job c1f6799a-344e-4031-9177-39eeec9566b8 soumis au serveur 2ea4b33e-9366-4cce-a99e-9d2af2b51d3a
2025-06-28 15:45:23,337 - core.distributed_client - INFO - Job 1b66e3b5-bfa1-4e15-8eed-904ea80dc8f6 soumis au serveur 2ea4b33e-9366-4cce-a99e-9d2af2b51d3a
2025-06-28 15:45:23,337 - core.distributed_client - INFO - Job 38e493cf-e58e-4530-89b1-eb70682ffb41 soumis au serveur 2ea4b33e-9366-4cce-a99e-9d2af2b51d3a
2025-06-28 15:45:23,337 - core.distributed_client - INFO - Job 99c98fa8-ca44-4d1f-b423-03a6237cb5e9 soumis au serveur 2ea4b33e-9366-4cce-a99e-9d2af2b51d3a
2025-06-28 15:45:23,337 - core.distributed_client - INFO - Job dc5a591a-a622-4727-824c-baa46900c6b5 soumis au serveur 2ea4b33e-9366-4cce-a99e-9d2af2b51d3a
2025-06-28 15:45:23,337 - core.distributed_client - INFO - Job 4c168e92-3e98-4f8f-8b88-45f87dd0a7a1 soumis au serveur 2ea4b33e-9366-4cce-a99e-9d2af2b51d3a
2025-06-28 15:45:23,337 - core.distributed_client - INFO - Job 560f9306-ddbc-4c04-9a14-212d88687d30 soumis au serveur 2ea4b33e-9366-4cce-a99e-9d2af2b51d3a
2025-06-28 15:45:23,337 - core.distributed_client - INFO - Job 007083ce-4d13-472e-8425-53e3412e613f soumis au serveur 2ea4b33e-9366-4cce-a99e-9d2af2b51d3a
2025-06-28 15:45:23,337 - core.distributed_client - INFO - Job 0a07ca09-ec31-4021-a463-a1fba4084864 soumis au serveur 2ea4b33e-9366-4cce-a99e-9d2af2b51d3a
2025-06-28 15:45:23,337 - core.distributed_client - INFO - Job 325057af-e3b5-4ad0-977f-074d0d69c458 soumis au serveur 2ea4b33e-9366-4cce-a99e-9d2af2b51d3a
2025-06-28 15:45:23,337 - core.distributed_client - INFO - Job 30d938a0-8ea5-4deb-b76c-3f5c7cb7314c soumis au serveur 2ea4b33e-9366-4cce-a99e-9d2af2b51d3a
2025-06-28 15:45:23,337 - core.distributed_client - INFO - Job c990be74-d789-409f-80c4-142d16d4eb40 soumis au serveur 2ea4b33e-9366-4cce-a99e-9d2af2b51d3a
2025-06-28 15:45:23,337 - core.distributed_client - INFO - Job 87e1b5f1-d3b7-416e-89d6-da43e5675705 soumis au serveur 2ea4b33e-9366-4cce-a99e-9d2af2b51d3a
2025-06-28 15:45:23,338 - core.distributed_client - INFO - Job ba79034b-9ade-402c-8153-ee43131c2cb7 soumis au serveur 2ea4b33e-9366-4cce-a99e-9d2af2b51d3a
2025-06-28 15:45:23,338 - core.distributed_client - INFO - Job 8775e25b-95de-4e26-9c79-cd2dd9fde732 soumis au serveur 2ea4b33e-9366-4cce-a99e-9d2af2b51d3a
2025-06-28 15:45:23,338 - core.distributed_client - INFO - Job 6672587f-8034-450c-a662-6665d3e978d3 soumis au serveur 2ea4b33e-9366-4cce-a99e-9d2af2b51d3a
2025-06-28 15:45:23,338 - core.distributed_client - INFO - Job 3999aa51-553b-4438-aad7-a30e850d27bc soumis au serveur 2ea4b33e-9366-4cce-a99e-9d2af2b51d3a
2025-06-28 15:45:23,338 - core.distributed_client - INFO - Job aecf72e7-163b-4a18-b1d6-e31cf63dd5be soumis au serveur 2ea4b33e-9366-4cce-a99e-9d2af2b51d3a
2025-06-28 15:45:23,339 - core.distributed_client - INFO - Job 850562f0-848f-4c28-9984-08cc06217117 soumis au serveur 2ea4b33e-9366-4cce-a99e-9d2af2b51d3a
2025-06-28 15:45:23,339 - core.distributed_client - INFO - Job 4b6fff1d-0964-4770-911d-f1c7a4ac5b78 soumis au serveur 2ea4b33e-9366-4cce-a99e-9d2af2b51d3a
2025-06-28 15:45:23,339 - core.distributed_client - INFO - Job 8aea9559-913a-4fbc-bf6b-393f2b1d792f soumis au serveur 2ea4b33e-9366-4cce-a99e-9d2af2b51d3a
2025-06-28 15:45:23,339 - core.distributed_client - INFO - Job 26082574-f427-43a7-87a0-2e8652f3738f soumis au serveur 2ea4b33e-9366-4cce-a99e-9d2af2b51d3a
2025-06-28 15:45:23,339 - core.distributed_client - INFO - Job 113590da-27d5-4f66-9814-3bf963f2025e soumis au serveur 2ea4b33e-9366-4cce-a99e-9d2af2b51d3a
2025-06-28 15:45:23,339 - core.distributed_client - INFO - Job 9510686f-e657-4eea-91bb-c574944ce333 soumis au serveur 2ea4b33e-9366-4cce-a99e-9d2af2b51d3a
2025-06-28 15:45:23,339 - core.distributed_client - INFO - Job 03ee855e-e50a-4109-957e-51748bfb323f soumis au serveur 2ea4b33e-9366-4cce-a99e-9d2af2b51d3a
2025-06-28 15:45:23,339 - core.distributed_client - INFO - Job d160e520-4d63-4911-ac7b-6a88b12cc65b soumis au serveur 2ea4b33e-9366-4cce-a99e-9d2af2b51d3a
2025-06-28 15:45:23,339 - core.distributed_client - INFO - Job 610f6402-d1f8-4422-911b-64e4ca4900dc soumis au serveur 2ea4b33e-9366-4cce-a99e-9d2af2b51d3a
2025-06-28 15:45:23,339 - core.distributed_client - INFO - Job a4fbf687-f685-4d5b-a3af-bbcb7cebeb16 soumis au serveur 2ea4b33e-9366-4cce-a99e-9d2af2b51d3a
2025-06-28 15:45:23,339 - core.distributed_client - INFO - Job 413095df-8d1c-4027-b375-f54f2cb8e370 soumis au serveur 2ea4b33e-9366-4cce-a99e-9d2af2b51d3a
2025-06-28 15:45:23,340 - core.distributed_client - INFO - Job 34f85229-dad3-48cd-8b32-117c24836f38 soumis au serveur 2ea4b33e-9366-4cce-a99e-9d2af2b51d3a
2025-06-28 15:45:23,340 - core.distributed_client - INFO - Job ab7b10af-2f16-4dfe-b3eb-1f4ca4f64952 soumis au serveur 2ea4b33e-9366-4cce-a99e-9d2af2b51d3a
2025-06-28 15:45:23,340 - core.distributed_client - INFO - Job 2ce75cd1-e414-4d80-a4ca-45c2bfd45f2a soumis au serveur 2ea4b33e-9366-4cce-a99e-9d2af2b51d3a
2025-06-28 15:45:23,340 - core.distributed_client - INFO - Job 97e7a0a6-e7c3-4692-b870-6558c354a74f soumis au serveur 2ea4b33e-9366-4cce-a99e-9d2af2b51d3a
2025-06-28 15:45:23,340 - core.distributed_client - INFO - Job 48d3c7af-569a-4689-b454-73ab75c6c61c soumis au serveur 2ea4b33e-9366-4cce-a99e-9d2af2b51d3a
2025-06-28 15:45:23,340 - core.distributed_client - INFO - Job b85713f4-eea7-4b92-9fe3-64a2245f43c3 soumis au serveur 2ea4b33e-9366-4cce-a99e-9d2af2b51d3a
2025-06-28 15:45:23,340 - core.distributed_client - INFO - Job 76626319-be28-43a4-8474-9d3d2fd25746 soumis au serveur 2ea4b33e-9366-4cce-a99e-9d2af2b51d3a
2025-06-28 15:45:23,340 - core.distributed_client - INFO - Job ffbad7fe-e25f-445f-8215-75eb93592334 soumis au serveur 2ea4b33e-9366-4cce-a99e-9d2af2b51d3a
2025-06-28 15:45:23,340 - core.distributed_client - INFO - Job d2835390-e120-43df-a50d-400ae223552b soumis au serveur 2ea4b33e-9366-4cce-a99e-9d2af2b51d3a
2025-06-28 15:45:23,340 - core.distributed_client - INFO - Job 5cde3d88-f82d-4e78-8025-61c1831f2f3f soumis au serveur 2ea4b33e-9366-4cce-a99e-9d2af2b51d3a
2025-06-28 15:45:23,341 - core.distributed_client - INFO - Job 312356c0-e991-4370-883c-7fc33d8cfe9a soumis au serveur 2ea4b33e-9366-4cce-a99e-9d2af2b51d3a
2025-06-28 15:45:23,341 - core.distributed_client - INFO - Job 16bca2ee-3bdd-44bb-9c5f-f3f922011519 soumis au serveur 2ea4b33e-9366-4cce-a99e-9d2af2b51d3a
2025-06-28 15:45:23,341 - core.distributed_client - INFO - Job 24c82cd0-b4f0-4f67-bad1-19194d08b143 soumis au serveur 2ea4b33e-9366-4cce-a99e-9d2af2b51d3a
2025-06-28 16:27:15,158 - core.hardware_detector - INFO - 🔍 Détection des capacités du serveur...
2025-06-28 16:27:18,237 - core.hardware_detector - INFO - ✅ Capacités détectées: 11 logiciels, 0 matériels
2025-06-28 16:27:18,237 - core.local_server - INFO - 🔧 Serveur local initialisé avec 11 encodeurs
2025-06-28 16:27:18,241 - root - ERROR - Une erreur fatale et non gérée est survenue
Traceback (most recent call last):
  File "/Users/gregoire/PycharmProjects/ffmpegeaesy/ffmpeg-easy-distributed/ffmpeg-gui/main.py", line 153, in main
    main_window = MainWindow(root, app_state, app_controller, app.loop, run_async_func, dnd_available=dnd_available)
                  ^^^^^^^^^^^^^^^^^^^^^^^^^^^^^^^^^^^^^^^^^^^^^^^^^^^^^^^^^^^^^^^^^^^^^^^^^^^^^^^^^^^^^^^^^^^^^^^^^^
  File "/Users/gregoire/PycharmProjects/ffmpegeaesy/ffmpeg-easy-distributed/ffmpeg-gui/gui/main_window.py", line 161, in __init__
    self._build_menu()
  File "/Users/gregoire/PycharmProjects/ffmpegeaesy/ffmpeg-easy-distributed/ffmpeg-gui/gui/main_window.py", line 834, in _build_menu
    for preset_name in self.settings.data["presets"].keys():
                       ^^^^^^^^^^^^^
AttributeError: 'MainWindow' object has no attribute 'settings'
2025-06-28 16:49:05,701 - core.hardware_detector - INFO - 🔍 Détection des capacités du serveur...
2025-06-28 16:49:08,770 - core.hardware_detector - INFO - ✅ Capacités détectées: 11 logiciels, 0 matériels
2025-06-28 16:49:08,770 - core.local_server - INFO - 🔧 Serveur local initialisé avec 11 encodeurs
2025-06-28 16:49:08,780 - gui.main_window - ERROR - Erreur lors de la mise à jour de l'interface: 'MainWindow' object has no attribute 'tree'
Traceback (most recent call last):
  File "/Users/gregoire/PycharmProjects/ffmpegeaesy/ffmpeg-easy-distributed/ffmpeg-gui/gui/main_window.py", line 183, in _on_state_changed
    self._update_ui_from_state()
  File "/Users/gregoire/PycharmProjects/ffmpegeaesy/ffmpeg-easy-distributed/ffmpeg-gui/gui/main_window.py", line 190, in _update_ui_from_state
    self._update_jobs_display()
  File "/Users/gregoire/PycharmProjects/ffmpegeaesy/ffmpeg-easy-distributed/ffmpeg-gui/gui/main_window.py", line 210, in _update_jobs_display
    current_items = set(self.tree.get_children())
                        ^^^^^^^^^
AttributeError: 'MainWindow' object has no attribute 'tree'
2025-06-28 16:49:08,831 - gui.main_window - ERROR - Erreur lors de la mise à jour de l'interface: 'MainWindow' object has no attribute 'tree'
Traceback (most recent call last):
  File "/Users/gregoire/PycharmProjects/ffmpegeaesy/ffmpeg-easy-distributed/ffmpeg-gui/gui/main_window.py", line 183, in _on_state_changed
    self._update_ui_from_state()
  File "/Users/gregoire/PycharmProjects/ffmpegeaesy/ffmpeg-easy-distributed/ffmpeg-gui/gui/main_window.py", line 190, in _update_ui_from_state
    self._update_jobs_display()
  File "/Users/gregoire/PycharmProjects/ffmpegeaesy/ffmpeg-easy-distributed/ffmpeg-gui/gui/main_window.py", line 210, in _update_jobs_display
    current_items = set(self.tree.get_children())
                        ^^^^^^^^^
AttributeError: 'MainWindow' object has no attribute 'tree'
2025-06-28 16:49:08,874 - gui.main_window - ERROR - Erreur lors de la mise à jour de l'interface: 'MainWindow' object has no attribute 'tree'
Traceback (most recent call last):
  File "/Users/gregoire/PycharmProjects/ffmpegeaesy/ffmpeg-easy-distributed/ffmpeg-gui/gui/main_window.py", line 183, in _on_state_changed
    self._update_ui_from_state()
  File "/Users/gregoire/PycharmProjects/ffmpegeaesy/ffmpeg-easy-distributed/ffmpeg-gui/gui/main_window.py", line 190, in _update_ui_from_state
    self._update_jobs_display()
  File "/Users/gregoire/PycharmProjects/ffmpegeaesy/ffmpeg-easy-distributed/ffmpeg-gui/gui/main_window.py", line 210, in _update_jobs_display
    current_items = set(self.tree.get_children())
                        ^^^^^^^^^
AttributeError: 'MainWindow' object has no attribute 'tree'
2025-06-28 16:49:08,875 - gui.main_window - ERROR - Erreur lors de la mise à jour de l'interface: 'MainWindow' object has no attribute 'tree'
Traceback (most recent call last):
  File "/Users/gregoire/PycharmProjects/ffmpegeaesy/ffmpeg-easy-distributed/ffmpeg-gui/gui/main_window.py", line 183, in _on_state_changed
    self._update_ui_from_state()
  File "/Users/gregoire/PycharmProjects/ffmpegeaesy/ffmpeg-easy-distributed/ffmpeg-gui/gui/main_window.py", line 190, in _update_ui_from_state
    self._update_jobs_display()
  File "/Users/gregoire/PycharmProjects/ffmpegeaesy/ffmpeg-easy-distributed/ffmpeg-gui/gui/main_window.py", line 210, in _update_jobs_display
    current_items = set(self.tree.get_children())
                        ^^^^^^^^^
AttributeError: 'MainWindow' object has no attribute 'tree'
2025-06-28 16:49:08,875 - gui.main_window - ERROR - Erreur lors de la mise à jour de l'interface: 'MainWindow' object has no attribute 'tree'
Traceback (most recent call last):
  File "/Users/gregoire/PycharmProjects/ffmpegeaesy/ffmpeg-easy-distributed/ffmpeg-gui/gui/main_window.py", line 183, in _on_state_changed
    self._update_ui_from_state()
  File "/Users/gregoire/PycharmProjects/ffmpegeaesy/ffmpeg-easy-distributed/ffmpeg-gui/gui/main_window.py", line 190, in _update_ui_from_state
    self._update_jobs_display()
  File "/Users/gregoire/PycharmProjects/ffmpegeaesy/ffmpeg-easy-distributed/ffmpeg-gui/gui/main_window.py", line 210, in _update_jobs_display
    current_items = set(self.tree.get_children())
                        ^^^^^^^^^
AttributeError: 'MainWindow' object has no attribute 'tree'
2025-06-28 16:49:08,876 - gui.main_window - WARNING - ⚠️ TkinterDnD2 non disponible - drag and drop désactivé
2025-06-28 16:49:08,877 - core.server_discovery - INFO - Démarrage de la découverte des serveurs...
2025-06-28 16:49:08,877 - core.distributed_client - INFO - Tentative de connexion au serveur: ws://192.168.1.80:8765
2025-06-28 16:49:08,880 - core.job_scheduler - INFO - Démarrage du planificateur de jobs...
2025-06-28 16:49:09,106 - gui.main_window - INFO - ✅ Interface adaptative initialisée - Type de média: video
2025-06-28 16:49:09,108 - gui.main_window - INFO - 🎯 Interface utilisateur entièrement initialisée
2025-06-28 16:49:09,579 - core.distributed_client - INFO - Connecté au serveur: ws://192.168.1.80:8765. Envoi du message HELLO.
2025-06-28 16:49:09,706 - core.distributed_client - INFO - Informations serveur reçues de ws://192.168.1.80:8765: ffmpeg1
2025-06-28 16:55:35,828 - core.hardware_detector - INFO - 🔍 Détection des capacités du serveur...
2025-06-28 16:55:38,895 - core.hardware_detector - INFO - ✅ Capacités détectées: 11 logiciels, 0 matériels
2025-06-28 16:55:38,896 - core.local_server - INFO - 🔧 Serveur local initialisé avec 11 encodeurs
2025-06-28 16:55:39,005 - gui.main_window - WARNING - ⚠️ TkinterDnD2 non disponible - drag and drop désactivé
2025-06-28 16:55:39,006 - core.server_discovery - INFO - Démarrage de la découverte des serveurs...
2025-06-28 16:55:39,006 - core.distributed_client - INFO - Tentative de connexion au serveur: ws://192.168.1.80:8765
2025-06-28 16:55:39,010 - core.job_scheduler - INFO - Démarrage du planificateur de jobs...
2025-06-28 16:55:39,296 - gui.main_window - INFO - ✅ Interface adaptative initialisée - Type de média: video
2025-06-28 16:55:39,297 - gui.main_window - INFO - 🎯 Interface utilisateur entièrement initialisée
2025-06-28 16:55:39,774 - core.distributed_client - INFO - Connecté au serveur: ws://192.168.1.80:8765. Envoi du message HELLO.
2025-06-28 16:55:40,007 - core.distributed_client - INFO - Informations serveur reçues de ws://192.168.1.80:8765: ffmpeg1
2025-06-28 17:06:23,025 - core.hardware_detector - INFO - 🔍 Détection des capacités du serveur...
2025-06-28 17:06:26,047 - core.hardware_detector - INFO - ✅ Capacités détectées: 11 logiciels, 0 matériels
2025-06-28 17:06:26,048 - core.local_server - INFO - 🔧 Serveur local initialisé avec 11 encodeurs
2025-06-28 17:06:26,057 - gui.main_window - INFO - 🎯 Adaptation interface pour type: video
2025-06-28 17:06:26,153 - gui.main_window - WARNING - ⚠️ TkinterDnD2 non disponible - drag and drop désactivé
2025-06-28 17:06:26,154 - core.server_discovery - INFO - Démarrage de la découverte des serveurs...
2025-06-28 17:06:26,154 - core.distributed_client - INFO - Tentative de connexion au serveur: ws://192.168.1.80:8765
2025-06-28 17:06:26,157 - core.job_scheduler - INFO - Démarrage du planificateur de jobs...
2025-06-28 17:06:26,408 - gui.main_window - INFO - ✅ Interface adaptative initialisée - Type de média: video
2025-06-28 17:06:26,408 - gui.main_window - INFO - 🎯 Adaptation interface pour type: video
2025-06-28 17:06:26,410 - gui.main_window - INFO - 🎯 Interface utilisateur entièrement initialisée
2025-06-28 17:06:26,893 - core.distributed_client - INFO - Connecté au serveur: ws://192.168.1.80:8765. Envoi du message HELLO.
2025-06-28 17:06:27,020 - core.distributed_client - INFO - Informations serveur reçues de ws://192.168.1.80:8765: ffmpeg1
2025-06-28 17:07:01,886 - core.hardware_detector - INFO - 🔍 Détection des capacités du serveur...
2025-06-28 17:09:31,601 - core.hardware_detector - INFO - 🔍 Détection des capacités du serveur...
2025-06-28 17:09:34,700 - core.hardware_detector - INFO - ✅ Capacités détectées: 11 logiciels, 0 matériels
2025-06-28 17:09:34,700 - core.local_server - INFO - 🔧 Serveur local initialisé avec 11 encodeurs
2025-06-28 17:09:34,710 - gui.main_window - INFO - 🎯 Adaptation interface pour type: video
2025-06-28 17:09:34,808 - gui.main_window - WARNING - ⚠️ TkinterDnD2 non disponible - drag and drop désactivé
2025-06-28 17:09:34,808 - core.server_discovery - INFO - Démarrage de la découverte des serveurs...
2025-06-28 17:09:34,808 - core.distributed_client - INFO - Tentative de connexion au serveur: ws://192.168.1.80:8765
2025-06-28 17:09:34,812 - core.job_scheduler - INFO - Démarrage du planificateur de jobs...
2025-06-28 17:09:35,023 - gui.main_window - INFO - ✅ Interface adaptative initialisée - Type de média: video
2025-06-28 17:09:35,023 - gui.main_window - INFO - 🎯 Adaptation interface pour type: video
2025-06-28 17:09:35,025 - gui.main_window - INFO - 🎯 Interface utilisateur entièrement initialisée
2025-06-28 17:09:35,497 - core.distributed_client - INFO - Connecté au serveur: ws://192.168.1.80:8765. Envoi du message HELLO.
2025-06-28 17:09:35,693 - core.distributed_client - INFO - Informations serveur reçues de ws://192.168.1.80:8765: ffmpeg1
2025-06-28 17:09:39,059 - core.app_controller - INFO - Type de média global changé pour: video
2025-06-28 17:47:10,449 - core.hardware_detector - INFO - 🔍 Détection des capacités du serveur...
2025-06-28 17:47:13,437 - core.hardware_detector - INFO - ✅ Capacités détectées: 11 logiciels, 0 matériels
2025-06-28 17:47:13,437 - core.local_server - INFO - 🔧 Serveur local initialisé avec 11 encodeurs
2025-06-28 17:47:13,447 - gui.main_window - INFO - 🎯 Adaptation interface pour type: video
2025-06-28 17:47:13,500 - gui.main_window - INFO - Pushing UI changes to AppState global settings: {'codec': 'h264'}
2025-06-28 17:47:13,500 - gui.main_window - INFO - Pushing UI changes to AppState global settings: {'container': 'mp4'}
2025-06-28 17:47:13,501 - gui.main_window - WARNING - ⚠️ TkinterDnD2 non disponible - drag and drop désactivé
2025-06-28 17:47:13,502 - core.server_discovery - INFO - Démarrage de la découverte des serveurs...
2025-06-28 17:47:13,502 - core.distributed_client - INFO - Tentative de connexion au serveur: ws://192.168.1.80:8765
2025-06-28 17:47:13,505 - core.job_scheduler - INFO - Démarrage du planificateur de jobs...
2025-06-28 17:47:13,725 - gui.main_window - INFO - ✅ Interface adaptative initialisée - Type de média: video
2025-06-28 17:47:13,725 - gui.main_window - INFO - Updating UI. Media Type: video, Job Config: None, Global Context: True
2025-06-28 17:47:13,725 - gui.main_window - INFO - 🎯 Adaptation interface pour type: video
2025-06-28 17:47:13,726 - gui.main_window - INFO - Pushing UI changes to AppState global settings: {'preset': ''}
2025-06-28 17:47:13,726 - gui.main_window - INFO - Pushing UI changes to AppState global settings: {'preset': '22'}
2025-06-28 17:47:13,726 - gui.main_window - INFO - 🎯 Interface utilisateur entièrement initialisée
2025-06-28 17:47:14,225 - core.distributed_client - INFO - Connecté au serveur: ws://192.168.1.80:8765. Envoi du message HELLO.
2025-06-28 17:47:14,356 - core.distributed_client - INFO - Informations serveur reçues de ws://192.168.1.80:8765: ffmpeg1
2025-06-28 17:47:44,133 - gui.main_window - INFO - Global media type dropdown changed by user to: video
2025-06-28 17:47:44,133 - gui.main_window - INFO - Updating UI. Media Type: video, Job Config: None, Global Context: True
2025-06-28 17:47:44,133 - gui.main_window - INFO - Pushing UI changes to AppState global settings: {'preset': 'medium'}
2025-06-28 17:47:44,133 - gui.main_window - INFO - 🎯 Adaptation interface pour type: video
2025-06-28 17:47:44,134 - gui.main_window - INFO - Pushing UI changes to AppState global settings: {'preset': ''}
2025-06-28 17:47:44,134 - gui.main_window - INFO - Pushing UI changes to AppState global settings: {'preset': '22'}
2025-06-28 17:49:27,208 - gui.main_window - INFO - Global media type dropdown changed by user to: video
2025-06-28 17:49:27,208 - gui.main_window - INFO - Updating UI. Media Type: video, Job Config: None, Global Context: True
2025-06-28 17:49:27,208 - gui.main_window - INFO - Pushing UI changes to AppState global settings: {'preset': 'medium'}
2025-06-28 17:49:27,209 - gui.main_window - INFO - 🎯 Adaptation interface pour type: video
2025-06-28 17:49:27,209 - gui.main_window - INFO - Pushing UI changes to AppState global settings: {'preset': ''}
2025-06-28 17:49:27,209 - gui.main_window - INFO - Pushing UI changes to AppState global settings: {'preset': '22'}
2025-06-28 17:49:29,135 - gui.main_window - INFO - Global media type dropdown changed by user to: video
2025-06-28 17:49:29,135 - gui.main_window - INFO - Updating UI. Media Type: video, Job Config: None, Global Context: True
2025-06-28 17:49:29,136 - gui.main_window - INFO - Pushing UI changes to AppState global settings: {'preset': 'medium'}
2025-06-28 17:49:29,136 - gui.main_window - INFO - 🎯 Adaptation interface pour type: video
2025-06-28 17:49:29,136 - gui.main_window - INFO - Pushing UI changes to AppState global settings: {'preset': ''}
2025-06-28 17:49:29,137 - gui.main_window - INFO - Pushing UI changes to AppState global settings: {'preset': '22'}
2025-06-28 17:49:32,016 - gui.main_window - INFO - Global media type dropdown changed by user to: video
2025-06-28 17:49:32,016 - gui.main_window - INFO - Updating UI. Media Type: video, Job Config: None, Global Context: True
2025-06-28 17:49:32,016 - gui.main_window - INFO - Pushing UI changes to AppState global settings: {'preset': 'medium'}
2025-06-28 17:49:32,016 - gui.main_window - INFO - 🎯 Adaptation interface pour type: video
2025-06-28 17:49:32,017 - gui.main_window - INFO - Pushing UI changes to AppState global settings: {'preset': ''}
2025-06-28 17:49:32,017 - gui.main_window - INFO - Pushing UI changes to AppState global settings: {'preset': '22'}
2025-06-28 17:49:40,496 - core.app_controller - INFO - Job ajouté: oh.webp (image)
2025-06-28 17:49:40,496 - core.app_controller - INFO - Job ajouté: séduction.png (image)
2025-06-28 17:49:40,496 - core.app_controller - INFO - Job ajouté: lionnealaffut.png (image)
2025-06-28 17:49:40,496 - core.app_controller - INFO - Job ajouté: calin.png (image)
2025-06-28 17:49:40,496 - core.app_controller - INFO - Job ajouté: rixedegnous.png (image)
2025-06-28 17:49:40,496 - core.app_controller - INFO - Job ajouté: tatanka.png (image)
2025-06-28 17:49:40,496 - core.app_controller - INFO - Job ajouté: leclan1.png (image)
2025-06-28 17:49:40,497 - core.app_controller - INFO - Job ajouté: harpie.png (image)
2025-06-28 17:49:40,497 - core.app_controller - INFO - Job ajouté: titus.png (image)
2025-06-28 17:49:40,497 - core.app_controller - INFO - Job ajouté: appelduloup.png (image)
2025-06-28 17:49:40,497 - core.app_controller - INFO - Job ajouté: punia.png (image)
2025-06-28 17:49:40,497 - core.app_controller - INFO - Job ajouté: arak.png (image)
2025-06-28 17:49:40,497 - core.app_controller - INFO - Job ajouté: curieuse.png (image)
2025-06-28 17:49:40,498 - core.app_controller - INFO - Job ajouté: oursonfatigué.png (image)
2025-06-28 17:49:40,498 - core.app_controller - INFO - Job ajouté: sursaut.png (image)
2025-06-28 17:49:40,498 - core.app_controller - INFO - Job ajouté: guepardcobra.png (image)
2025-06-28 17:49:40,498 - core.app_controller - INFO - Job ajouté: reveil.png (image)
2025-06-28 17:49:40,499 - core.app_controller - INFO - Job ajouté: feulement2.webp (image)
2025-06-28 17:49:40,499 - core.app_controller - INFO - Job ajouté: rajah.png (image)
2025-06-28 17:49:40,499 - core.app_controller - INFO - Job ajouté:  3loupsenchasse.png (image)
2025-06-28 17:49:40,499 - core.app_controller - INFO - Job ajouté: lepine.png (image)
2025-06-28 17:49:40,499 - core.app_controller - INFO - Job ajouté: courir.png (image)
2025-06-28 17:49:40,500 - core.app_controller - INFO - Job ajouté: naissancedimpala.png (image)
2025-06-28 17:49:40,500 - core.app_controller - INFO - Job ajouté: supplique.png (image)
2025-06-28 17:49:40,500 - core.app_controller - INFO - Job ajouté: matou.png (image)
2025-06-28 17:49:40,501 - core.app_controller - INFO - Job ajouté: pomponette.png (image)
2025-06-28 17:49:40,501 - core.app_controller - INFO - Job ajouté: louveteauperdu.png (image)
2025-06-28 17:49:40,501 - core.app_controller - INFO - Job ajouté: lapindegarenne.png (image)
2025-06-28 17:49:40,502 - core.app_controller - INFO - Job ajouté: ruade.png (image)
2025-06-28 17:49:40,502 - core.app_controller - INFO - Job ajouté: lèvetoi.png (image)
2025-06-28 17:49:40,502 - core.app_controller - INFO - Job ajouté: wimba.png (image)
2025-06-28 17:49:40,503 - core.app_controller - INFO - Job ajouté: lycaon.png (image)
2025-06-28 17:49:40,503 - core.app_controller - INFO - Job ajouté: bouba.png (image)
2025-06-28 17:49:40,503 - core.app_controller - INFO - Job ajouté: solitaire.png (image)
2025-06-28 17:49:40,504 - core.app_controller - INFO - Job ajouté: guepardeau.png (image)
2025-06-28 17:49:40,504 - core.app_controller - INFO - Job ajouté: lionneaffamé.png (image)
2025-06-28 17:49:40,504 - core.app_controller - INFO - Job ajouté: hyenevautour.png (image)
2025-06-28 17:49:40,505 - core.app_controller - INFO - Job ajouté: 3impalas.png (image)
2025-06-28 17:49:40,505 - core.app_controller - INFO - Job ajouté: plongeon.png (image)
2025-06-28 17:49:40,506 - core.app_controller - INFO - Job ajouté: menace.png (image)
2025-06-28 17:49:40,506 - core.app_controller - INFO - Job ajouté: reste.png (image)
2025-06-28 17:49:40,507 - core.app_controller - INFO - Job ajouté: leguet.png (image)
2025-06-28 17:49:40,507 - core.app_controller - INFO - Job ajouté: puce.png (image)
2025-06-28 17:49:40,508 - core.app_controller - INFO - Job ajouté: 2louvards.png (image)
2025-06-28 17:49:40,508 - core.app_controller - INFO - Job ajouté: lionagressif.png (image)
2025-06-28 17:49:40,508 - core.app_controller - INFO - Job ajouté: lenvol.png (image)
2025-06-28 17:49:40,509 - core.app_controller - INFO - Job ajouté: lepiege.png (image)
2025-06-28 17:49:40,509 - core.app_controller - INFO - Job ajouté: détermination.png (image)
2025-06-28 17:49:40,510 - core.app_controller - INFO - Job ajouté: serengeti.png (image)
2025-06-28 17:49:40,511 - core.app_controller - INFO - Job ajouté: amarok.png (image)
2025-06-28 17:49:40,511 - core.app_controller - INFO - Job ajouté: raid.png (image)
2025-06-28 17:49:40,512 - core.app_controller - INFO - Job ajouté: chahut.png (image)
2025-06-28 17:49:40,512 - core.app_controller - INFO - Job ajouté: okavango.png (image)
2025-06-28 17:49:40,512 - core.app_controller - INFO - Job ajouté:  leguerrier.png (image)
2025-06-28 17:49:40,513 - core.app_controller - INFO - Job ajouté: poursuite.png (image)
2025-06-28 17:49:40,514 - core.app_controller - INFO - Job ajouté: lionnecombattant.png (image)
2025-06-28 17:49:40,514 - core.app_controller - INFO - Job ajouté: vengeance.png (image)
2025-06-28 17:49:40,515 - core.app_controller - INFO - Job ajouté: lionnedéfensive.png (image)
2025-06-28 17:49:40,515 - core.app_controller - INFO - Job ajouté: lafuite.png (image)
2025-06-28 17:49:40,516 - core.app_controller - INFO - Job ajouté: assaut.png (image)
2025-06-28 17:49:40,516 - core.app_controller - INFO - Job ajouté: agressiondeguepard.png (image)
2025-06-28 17:49:40,517 - core.app_controller - INFO - Job ajouté: monarbre.png (image)
2025-06-28 17:49:40,518 - core.app_controller - INFO - Job ajouté: approche.png (image)
2025-06-28 17:49:40,518 - core.app_controller - INFO - Job ajouté: oursepetit.png (image)
2025-06-28 17:49:40,519 - core.app_controller - INFO - Job ajouté: panique.png (image)
2025-06-28 17:49:40,519 - core.app_controller - INFO - Job ajouté: tendresse.png (image)
2025-06-28 17:49:40,520 - core.app_controller - INFO - Job ajouté: offensivedelion.png (image)
2025-06-28 17:49:40,520 - core.app_controller - INFO - Job ajouté: lacourseduguépard.png (image)
2025-06-28 17:49:40,521 - core.app_controller - INFO - Job ajouté: chasseauximpalas.png (image)
2025-06-28 17:49:40,522 - core.app_controller - INFO - Job ajouté: combatdetitans.png (image)
2025-06-28 17:49:40,522 - core.app_controller - INFO - Job ajouté: soifdetigre.webp (image)
2025-06-28 17:49:40,523 - core.app_controller - INFO - Job ajouté: survivre.png (image)
2025-06-28 17:49:40,524 - core.app_controller - INFO - Job ajouté: instinctsdesurvie.png (image)
2025-06-28 17:49:40,524 - core.app_controller - INFO - Job ajouté: ouste.png (image)
2025-06-28 17:49:40,525 - core.app_controller - INFO - Job ajouté: querelle.png (image)
2025-06-28 17:49:40,526 - core.app_controller - INFO - Job ajouté: attaq_guep avec arrière-plan supprimé.png (image)
2025-06-28 17:49:40,526 - core.app_controller - INFO - Job ajouté: lechoc.png (image)
2025-06-28 17:49:40,527 - core.app_controller - INFO - Job ajouté: reprisedelachasse.png (image)
2025-06-28 17:49:40,527 - gui.main_window - INFO - ✅ 78 fichiers ajoutés
2025-06-28 17:49:53,049 - gui.main_window - INFO - Global media type dropdown changed by user to: video
2025-06-28 17:49:53,050 - gui.main_window - INFO - Updating UI. Media Type: video, Job Config: None, Global Context: True
2025-06-28 17:49:53,050 - gui.main_window - INFO - Pushing UI changes to AppState global settings: {'preset': 'medium'}
2025-06-28 17:49:53,051 - gui.main_window - INFO - 🎯 Adaptation interface pour type: video
2025-06-28 17:49:53,051 - gui.main_window - INFO - Pushing UI changes to AppState global settings: {'preset': ''}
2025-06-28 17:49:53,052 - gui.main_window - INFO - Pushing UI changes to AppState global settings: {'preset': '22'}
